<?xml version="1.0" encoding="UTF-8"?>
<testng-results ignored="0" total="1" passed="1" failed="0" skipped="0">
  <reporter-output>
  </reporter-output>
  <suite started-at="2022-05-22T16:50:17Z" name="Default suite" finished-at="2022-05-22T16:50:20Z" duration-ms="3294">
    <groups>
    </groups>
    <test started-at="2022-05-22T16:50:17Z" name="Default test" finished-at="2022-05-22T16:50:20Z" duration-ms="3294">
      <class name="com.utiba.qa.testcases.FirstTest">
        <test-method signature="CreateUser()[pri:0, instance:com.utiba.qa.testcases.FirstTest@3e6104fc]" started-at="2022-05-22T16:50:17Z" name="CreateUser" finished-at="2022-05-22T16:50:20Z" duration-ms="3230" status="PASS">
          <reporter-output>
          </reporter-output>
        </test-method> <!-- CreateUser -->
      </class> <!-- com.utiba.qa.testcases.FirstTest -->
    </test> <!-- Default test -->
  </suite> <!-- Default suite -->
</testng-results>
